<?xml version="1.0" encoding="UTF-8"?>
<testng-results skipped="0" failed="0" ignored="0" total="2" passed="2">
  <reporter-output>
  </reporter-output>
  <suite name="Suite" duration-ms="143801" started-at="2022-09-11T21:45:01 IST" finished-at="2022-09-11T21:47:25 IST">
    <groups>
      <group name="regression">
        <method signature="SendMsg.Tc_01(java.lang.String,java.lang.String)[pri:1, instance:SendMsg@6121c9d6]" name="Tc_01" class="SendMsg"/>
      </group> <!-- regression -->
      <group name="smoke">
        <method signature="AutomationProj.Tc_01(java.lang.String,java.lang.String)[pri:1, instance:AutomationProj@a38d7a3]" name="Tc_01" class="AutomationProj"/>
      </group> <!-- smoke -->
    </groups>
    <test name="Test" duration-ms="143801" started-at="2022-09-11T21:45:01 IST" finished-at="2022-09-11T21:47:25 IST">
      <class name="SendMsg">
        <test-method status="PASS" signature="beforeSuite()[pri:0, instance:SendMsg@6121c9d6]" name="beforeSuite" is-config="true" duration-ms="0" started-at="2022-09-11T21:45:01 IST" finished-at="2022-09-11T21:45:01 IST">
          <reporter-output>
          </reporter-output>
        </test-method> <!-- beforeSuite -->
        <test-method status="PASS" signature="beforeTest()[pri:0, instance:SendMsg@6121c9d6]" name="beforeTest" is-config="true" duration-ms="0" started-at="2022-09-11T21:45:01 IST" finished-at="2022-09-11T21:45:01 IST">
          <reporter-output>
          </reporter-output>
        </test-method> <!-- beforeTest -->
        <test-method status="PASS" signature="beforeClass()[pri:0, instance:SendMsg@6121c9d6]" name="beforeClass" is-config="true" duration-ms="62494" started-at="2022-09-11T21:46:15 IST" finished-at="2022-09-11T21:47:17 IST">
          <reporter-output>
          </reporter-output>
        </test-method> <!-- beforeClass -->
        <test-method status="PASS" signature="beforeMethod()[pri:0, instance:SendMsg@6121c9d6]" name="beforeMethod" is-config="true" duration-ms="1" started-at="2022-09-11T21:47:17 IST" finished-at="2022-09-11T21:47:17 IST">
          <reporter-output>
          </reporter-output>
        </test-method> <!-- beforeMethod -->
        <test-method status="PASS" signature="Tc_01(java.lang.String,java.lang.String)[pri:1, instance:SendMsg@6121c9d6]" name="Tc_01" duration-ms="7427" started-at="2022-09-11T21:47:17 IST" data-provider="automation" finished-at="2022-09-11T21:47:25 IST">
          <params>
            <param index="0">
              <value>
                <![CDATA[Sample]]>
              </value>
            </param>
            <param index="1">
              <value>
                <![CDATA[Sample@sample.com]]>
              </value>
            </param>
          </params>
          <reporter-output>
          </reporter-output>
        </test-method> <!-- Tc_01 -->
        <test-method status="PASS" signature="afterMethod()[pri:0, instance:SendMsg@6121c9d6]" name="afterMethod" is-config="true" duration-ms="1" started-at="2022-09-11T21:47:25 IST" finished-at="2022-09-11T21:47:25 IST">
          <reporter-output>
          </reporter-output>
        </test-method> <!-- afterMethod -->
        <test-method status="PASS" signature="afterClass()[pri:0, instance:SendMsg@6121c9d6]" name="afterClass" is-config="true" duration-ms="0" started-at="2022-09-11T21:47:25 IST" finished-at="2022-09-11T21:47:25 IST">
          <reporter-output>
          </reporter-output>
        </test-method> <!-- afterClass -->
        <test-method status="PASS" signature="afterTest()[pri:0, instance:SendMsg@6121c9d6]" name="afterTest" is-config="true" duration-ms="1" started-at="2022-09-11T21:47:25 IST" finished-at="2022-09-11T21:47:25 IST">
          <reporter-output>
          </reporter-output>
        </test-method> <!-- afterTest -->
        <test-method status="PASS" signature="afterSuite()[pri:0, instance:SendMsg@6121c9d6]" name="afterSuite" is-config="true" duration-ms="0" started-at="2022-09-11T21:47:25 IST" finished-at="2022-09-11T21:47:25 IST">
          <reporter-output>
          </reporter-output>
        </test-method> <!-- afterSuite -->
      </class> <!-- SendMsg -->
      <class name="AutomationProj">
        <test-method status="PASS" signature="beforeSuite()[pri:0, instance:AutomationProj@a38d7a3]" name="beforeSuite" is-config="true" duration-ms="7" started-at="2022-09-11T21:45:01 IST" finished-at="2022-09-11T21:45:01 IST">
          <reporter-output>
          </reporter-output>
        </test-method> <!-- beforeSuite -->
        <test-method status="PASS" signature="beforeTest()[pri:0, instance:AutomationProj@a38d7a3]" name="beforeTest" is-config="true" duration-ms="0" started-at="2022-09-11T21:45:01 IST" finished-at="2022-09-11T21:45:01 IST">
          <reporter-output>
          </reporter-output>
        </test-method> <!-- beforeTest -->
        <test-method status="PASS" signature="beforeClass()[pri:0, instance:AutomationProj@a38d7a3]" name="beforeClass" is-config="true" duration-ms="68442" started-at="2022-09-11T21:45:01 IST" finished-at="2022-09-11T21:46:09 IST">
          <reporter-output>
          </reporter-output>
        </test-method> <!-- beforeClass -->
        <test-method status="PASS" signature="beforeMethod()[pri:0, instance:AutomationProj@a38d7a3]" name="beforeMethod" is-config="true" duration-ms="0" started-at="2022-09-11T21:46:09 IST" finished-at="2022-09-11T21:46:09 IST">
          <reporter-output>
          </reporter-output>
        </test-method> <!-- beforeMethod -->
        <test-method status="PASS" signature="Tc_01(java.lang.String,java.lang.String)[pri:1, instance:AutomationProj@a38d7a3]" name="Tc_01" duration-ms="5363" started-at="2022-09-11T21:46:09 IST" data-provider="dp" finished-at="2022-09-11T21:46:15 IST">
          <params>
            <param index="0">
              <value>
                <![CDATA[Sample]]>
              </value>
            </param>
            <param index="1">
              <value>
                <![CDATA[Sample]]>
              </value>
            </param>
          </params>
          <reporter-output>
          </reporter-output>
        </test-method> <!-- Tc_01 -->
        <test-method status="PASS" signature="afterMethod()[pri:0, instance:AutomationProj@a38d7a3]" name="afterMethod" is-config="true" duration-ms="1" started-at="2022-09-11T21:46:15 IST" finished-at="2022-09-11T21:46:15 IST">
          <reporter-output>
          </reporter-output>
        </test-method> <!-- afterMethod -->
        <test-method status="PASS" signature="afterClass()[pri:0, instance:AutomationProj@a38d7a3]" name="afterClass" is-config="true" duration-ms="1" started-at="2022-09-11T21:46:15 IST" finished-at="2022-09-11T21:46:15 IST">
          <reporter-output>
          </reporter-output>
        </test-method> <!-- afterClass -->
        <test-method status="PASS" signature="afterTest()[pri:0, instance:AutomationProj@a38d7a3]" name="afterTest" is-config="true" duration-ms="0" started-at="2022-09-11T21:47:25 IST" finished-at="2022-09-11T21:47:25 IST">
          <reporter-output>
          </reporter-output>
        </test-method> <!-- afterTest -->
        <test-method status="PASS" signature="afterSuite()[pri:0, instance:AutomationProj@a38d7a3]" name="afterSuite" is-config="true" duration-ms="1" started-at="2022-09-11T21:47:25 IST" finished-at="2022-09-11T21:47:25 IST">
          <reporter-output>
          </reporter-output>
        </test-method> <!-- afterSuite -->
      </class> <!-- AutomationProj -->
    </test> <!-- Test -->
  </suite> <!-- Suite -->
</testng-results>
